<?xml version="1.0" encoding="UTF-8"?>
<testsuite xmlns:xsi="http://www.w3.org/2001/XMLSchema-instance" xsi:noNamespaceSchemaLocation="https://maven.apache.org/surefire/maven-surefire-plugin/xsd/surefire-test-report.xsd" name="com.kafka.consumer.LibraryEventsConsumerApplicationTests" time="3.332" tests="1" errors="0" skipped="0" failures="0">
  <properties>
    <property name="java.specification.version" value="15"/>
    <property name="sun.jnu.encoding" value="UTF-8"/>
    <property name="java.class.path" value="/home/choudhary/work/github/libraray-events-project/library-events-consumer/target/test-classes:/home/choudhary/work/github/libraray-events-project/library-events-consumer/target/classes:/home/choudhary/.m2/repository/org/springframework/boot/spring-boot-starter-data-jpa/2.4.4/spring-boot-starter-data-jpa-2.4.4.jar:/home/choudhary/.m2/repository/org/springframework/boot/spring-boot-starter-aop/2.4.4/spring-boot-starter-aop-2.4.4.jar:/home/choudhary/.m2/repository/org/springframework/spring-aop/5.3.5/spring-aop-5.3.5.jar:/home/choudhary/.m2/repository/org/aspectj/aspectjweaver/1.9.6/aspectjweaver-1.9.6.jar:/home/choudhary/.m2/repository/org/springframework/boot/spring-boot-starter-jdbc/2.4.4/spring-boot-starter-jdbc-2.4.4.jar:/home/choudhary/.m2/repository/com/zaxxer/HikariCP/3.4.5/HikariCP-3.4.5.jar:/home/choudhary/.m2/repository/org/springframework/spring-jdbc/5.3.5/spring-jdbc-5.3.5.jar:/home/choudhary/.m2/repository/jakarta/transaction/jakarta.transaction-api/1.3.3/jakarta.transaction-api-1.3.3.jar:/home/choudhary/.m2/repository/jakarta/persistence/jakarta.persistence-api/2.2.3/jakarta.persistence-api-2.2.3.jar:/home/choudhary/.m2/repository/org/hibernate/hibernate-core/5.4.29.Final/hibernate-core-5.4.29.Final.jar:/home/choudhary/.m2/repository/org/jboss/logging/jboss-logging/3.4.1.Final/jboss-logging-3.4.1.Final.jar:/home/choudhary/.m2/repository/org/javassist/javassist/3.27.0-GA/javassist-3.27.0-GA.jar:/home/choudhary/.m2/repository/net/bytebuddy/byte-buddy/1.10.22/byte-buddy-1.10.22.jar:/home/choudhary/.m2/repository/antlr/antlr/2.7.7/antlr-2.7.7.jar:/home/choudhary/.m2/repository/org/jboss/jandex/2.2.3.Final/jandex-2.2.3.Final.jar:/home/choudhary/.m2/repository/com/fasterxml/classmate/1.5.1/classmate-1.5.1.jar:/home/choudhary/.m2/repository/org/dom4j/dom4j/2.1.3/dom4j-2.1.3.jar:/home/choudhary/.m2/repository/org/hibernate/common/hibernate-commons-annotations/5.1.2.Final/hibernate-commons-annotations-5.1.2.Final.jar:/home/choudhary/.m2/repository/org/glassfish/jaxb/jaxb-runtime/2.3.3/jaxb-runtime-2.3.3.jar:/home/choudhary/.m2/repository/org/glassfish/jaxb/txw2/2.3.3/txw2-2.3.3.jar:/home/choudhary/.m2/repository/com/sun/istack/istack-commons-runtime/3.0.11/istack-commons-runtime-3.0.11.jar:/home/choudhary/.m2/repository/com/sun/activation/jakarta.activation/1.2.2/jakarta.activation-1.2.2.jar:/home/choudhary/.m2/repository/org/springframework/data/spring-data-jpa/2.4.6/spring-data-jpa-2.4.6.jar:/home/choudhary/.m2/repository/org/springframework/data/spring-data-commons/2.4.6/spring-data-commons-2.4.6.jar:/home/choudhary/.m2/repository/org/springframework/spring-orm/5.3.5/spring-orm-5.3.5.jar:/home/choudhary/.m2/repository/org/springframework/spring-beans/5.3.5/spring-beans-5.3.5.jar:/home/choudhary/.m2/repository/org/slf4j/slf4j-api/1.7.30/slf4j-api-1.7.30.jar:/home/choudhary/.m2/repository/org/springframework/spring-aspects/5.3.5/spring-aspects-5.3.5.jar:/home/choudhary/.m2/repository/org/springframework/boot/spring-boot-starter-json/2.4.4/spring-boot-starter-json-2.4.4.jar:/home/choudhary/.m2/repository/org/springframework/boot/spring-boot-starter/2.4.4/spring-boot-starter-2.4.4.jar:/home/choudhary/.m2/repository/org/springframework/boot/spring-boot/2.4.4/spring-boot-2.4.4.jar:/home/choudhary/.m2/repository/org/springframework/boot/spring-boot-autoconfigure/2.4.4/spring-boot-autoconfigure-2.4.4.jar:/home/choudhary/.m2/repository/org/springframework/boot/spring-boot-starter-logging/2.4.4/spring-boot-starter-logging-2.4.4.jar:/home/choudhary/.m2/repository/ch/qos/logback/logback-classic/1.2.3/logback-classic-1.2.3.jar:/home/choudhary/.m2/repository/ch/qos/logback/logback-core/1.2.3/logback-core-1.2.3.jar:/home/choudhary/.m2/repository/org/apache/logging/log4j/log4j-to-slf4j/2.13.3/log4j-to-slf4j-2.13.3.jar:/home/choudhary/.m2/repository/org/apache/logging/log4j/log4j-api/2.13.3/log4j-api-2.13.3.jar:/home/choudhary/.m2/repository/org/slf4j/jul-to-slf4j/1.7.30/jul-to-slf4j-1.7.30.jar:/home/choudhary/.m2/repository/jakarta/annotation/jakarta.annotation-api/1.3.5/jakarta.annotation-api-1.3.5.jar:/home/choudhary/.m2/repository/org/yaml/snakeyaml/1.27/snakeyaml-1.27.jar:/home/choudhary/.m2/repository/org/springframework/spring-web/5.3.5/spring-web-5.3.5.jar:/home/choudhary/.m2/repository/com/fasterxml/jackson/core/jackson-databind/2.11.4/jackson-databind-2.11.4.jar:/home/choudhary/.m2/repository/com/fasterxml/jackson/core/jackson-annotations/2.11.4/jackson-annotations-2.11.4.jar:/home/choudhary/.m2/repository/com/fasterxml/jackson/core/jackson-core/2.11.4/jackson-core-2.11.4.jar:/home/choudhary/.m2/repository/com/fasterxml/jackson/datatype/jackson-datatype-jdk8/2.11.4/jackson-datatype-jdk8-2.11.4.jar:/home/choudhary/.m2/repository/com/fasterxml/jackson/datatype/jackson-datatype-jsr310/2.11.4/jackson-datatype-jsr310-2.11.4.jar:/home/choudhary/.m2/repository/com/fasterxml/jackson/module/jackson-module-parameter-names/2.11.4/jackson-module-parameter-names-2.11.4.jar:/home/choudhary/.m2/repository/org/springframework/kafka/spring-kafka/2.6.7/spring-kafka-2.6.7.jar:/home/choudhary/.m2/repository/org/springframework/spring-context/5.3.5/spring-context-5.3.5.jar:/home/choudhary/.m2/repository/org/springframework/spring-expression/5.3.5/spring-expression-5.3.5.jar:/home/choudhary/.m2/repository/org/springframework/spring-messaging/5.3.5/spring-messaging-5.3.5.jar:/home/choudhary/.m2/repository/org/springframework/spring-tx/5.3.5/spring-tx-5.3.5.jar:/home/choudhary/.m2/repository/org/springframework/retry/spring-retry/1.3.1/spring-retry-1.3.1.jar:/home/choudhary/.m2/repository/javax/annotation/javax.annotation-api/1.3.2/javax.annotation-api-1.3.2.jar:/home/choudhary/.m2/repository/org/apache/kafka/kafka-clients/2.6.0/kafka-clients-2.6.0.jar:/home/choudhary/.m2/repository/com/github/luben/zstd-jni/1.4.4-7/zstd-jni-1.4.4-7.jar:/home/choudhary/.m2/repository/org/lz4/lz4-java/1.7.1/lz4-java-1.7.1.jar:/home/choudhary/.m2/repository/org/xerial/snappy/snappy-java/1.1.7.3/snappy-java-1.1.7.3.jar:/home/choudhary/.m2/repository/com/h2database/h2/1.4.200/h2-1.4.200.jar:/home/choudhary/.m2/repository/org/projectlombok/lombok/1.18.18/lombok-1.18.18.jar:/home/choudhary/.m2/repository/org/springframework/boot/spring-boot-starter-test/2.4.4/spring-boot-starter-test-2.4.4.jar:/home/choudhary/.m2/repository/org/springframework/boot/spring-boot-test/2.4.4/spring-boot-test-2.4.4.jar:/home/choudhary/.m2/repository/org/springframework/boot/spring-boot-test-autoconfigure/2.4.4/spring-boot-test-autoconfigure-2.4.4.jar:/home/choudhary/.m2/repository/com/jayway/jsonpath/json-path/2.4.0/json-path-2.4.0.jar:/home/choudhary/.m2/repository/net/minidev/json-smart/2.3/json-smart-2.3.jar:/home/choudhary/.m2/repository/net/minidev/accessors-smart/1.2/accessors-smart-1.2.jar:/home/choudhary/.m2/repository/org/ow2/asm/asm/5.0.4/asm-5.0.4.jar:/home/choudhary/.m2/repository/jakarta/xml/bind/jakarta.xml.bind-api/2.3.3/jakarta.xml.bind-api-2.3.3.jar:/home/choudhary/.m2/repository/jakarta/activation/jakarta.activation-api/1.2.2/jakarta.activation-api-1.2.2.jar:/home/choudhary/.m2/repository/org/assertj/assertj-core/3.18.1/assertj-core-3.18.1.jar:/home/choudhary/.m2/repository/org/hamcrest/hamcrest/2.2/hamcrest-2.2.jar:/home/choudhary/.m2/repository/org/junit/jupiter/junit-jupiter/5.7.1/junit-jupiter-5.7.1.jar:/home/choudhary/.m2/repository/org/junit/jupiter/junit-jupiter-params/5.7.1/junit-jupiter-params-5.7.1.jar:/home/choudhary/.m2/repository/org/junit/jupiter/junit-jupiter-engine/5.7.1/junit-jupiter-engine-5.7.1.jar:/home/choudhary/.m2/repository/org/junit/platform/junit-platform-engine/1.7.1/junit-platform-engine-1.7.1.jar:/home/choudhary/.m2/repository/org/mockito/mockito-core/3.6.28/mockito-core-3.6.28.jar:/home/choudhary/.m2/repository/net/bytebuddy/byte-buddy-agent/1.10.22/byte-buddy-agent-1.10.22.jar:/home/choudhary/.m2/repository/org/objenesis/objenesis/3.1/objenesis-3.1.jar:/home/choudhary/.m2/repository/org/mockito/mockito-junit-jupiter/3.6.28/mockito-junit-jupiter-3.6.28.jar:/home/choudhary/.m2/repository/org/skyscreamer/jsonassert/1.5.0/jsonassert-1.5.0.jar:/home/choudhary/.m2/repository/com/vaadin/external/google/android-json/0.0.20131108.vaadin1/android-json-0.0.20131108.vaadin1.jar:/home/choudhary/.m2/repository/org/springframework/spring-core/5.3.5/spring-core-5.3.5.jar:/home/choudhary/.m2/repository/org/springframework/spring-jcl/5.3.5/spring-jcl-5.3.5.jar:/home/choudhary/.m2/repository/org/springframework/spring-test/5.3.5/spring-test-5.3.5.jar:/home/choudhary/.m2/repository/org/xmlunit/xmlunit-core/2.7.0/xmlunit-core-2.7.0.jar:/home/choudhary/.m2/repository/org/springframework/kafka/spring-kafka-test/2.6.7/spring-kafka-test-2.6.7.jar:/home/choudhary/.m2/repository/org/apache/kafka/kafka-clients/2.6.1/kafka-clients-2.6.1-test.jar:/home/choudhary/.m2/repository/org/apache/kafka/kafka-streams/2.6.0/kafka-streams-2.6.0.jar:/home/choudhary/.m2/repository/org/apache/kafka/connect-json/2.6.0/connect-json-2.6.0.jar:/home/choudhary/.m2/repository/org/apache/kafka/connect-api/2.6.0/connect-api-2.6.0.jar:/home/choudhary/.m2/repository/org/rocksdb/rocksdbjni/5.18.4/rocksdbjni-5.18.4.jar:/home/choudhary/.m2/repository/org/apache/kafka/kafka-streams-test-utils/2.6.0/kafka-streams-test-utils-2.6.0.jar:/home/choudhary/.m2/repository/org/apache/kafka/kafka_2.13/2.6.0/kafka_2.13-2.6.0.jar:/home/choudhary/.m2/repository/com/fasterxml/jackson/module/jackson-module-scala_2.13/2.11.4/jackson-module-scala_2.13-2.11.4.jar:/home/choudhary/.m2/repository/com/fasterxml/jackson/module/jackson-module-paranamer/2.11.4/jackson-module-paranamer-2.11.4.jar:/home/choudhary/.m2/repository/com/thoughtworks/paranamer/paranamer/2.8/paranamer-2.8.jar:/home/choudhary/.m2/repository/com/fasterxml/jackson/dataformat/jackson-dataformat-csv/2.11.4/jackson-dataformat-csv-2.11.4.jar:/home/choudhary/.m2/repository/net/sf/jopt-simple/jopt-simple/5.0.4/jopt-simple-5.0.4.jar:/home/choudhary/.m2/repository/com/yammer/metrics/metrics-core/2.2.0/metrics-core-2.2.0.jar:/home/choudhary/.m2/repository/org/scala-lang/modules/scala-collection-compat_2.13/2.1.6/scala-collection-compat_2.13-2.1.6.jar:/home/choudhary/.m2/repository/org/scala-lang/modules/scala-java8-compat_2.13/0.9.1/scala-java8-compat_2.13-0.9.1.jar:/home/choudhary/.m2/repository/org/scala-lang/scala-library/2.13.2/scala-library-2.13.2.jar:/home/choudhary/.m2/repository/org/scala-lang/scala-reflect/2.13.2/scala-reflect-2.13.2.jar:/home/choudhary/.m2/repository/com/typesafe/scala-logging/scala-logging_2.13/3.9.2/scala-logging_2.13-3.9.2.jar:/home/choudhary/.m2/repository/org/apache/zookeeper/zookeeper/3.5.8/zookeeper-3.5.8.jar:/home/choudhary/.m2/repository/org/apache/zookeeper/zookeeper-jute/3.5.8/zookeeper-jute-3.5.8.jar:/home/choudhary/.m2/repository/org/apache/yetus/audience-annotations/0.5.0/audience-annotations-0.5.0.jar:/home/choudhary/.m2/repository/io/netty/netty-handler/4.1.60.Final/netty-handler-4.1.60.Final.jar:/home/choudhary/.m2/repository/io/netty/netty-common/4.1.60.Final/netty-common-4.1.60.Final.jar:/home/choudhary/.m2/repository/io/netty/netty-resolver/4.1.60.Final/netty-resolver-4.1.60.Final.jar:/home/choudhary/.m2/repository/io/netty/netty-buffer/4.1.60.Final/netty-buffer-4.1.60.Final.jar:/home/choudhary/.m2/repository/io/netty/netty-transport/4.1.60.Final/netty-transport-4.1.60.Final.jar:/home/choudhary/.m2/repository/io/netty/netty-codec/4.1.60.Final/netty-codec-4.1.60.Final.jar:/home/choudhary/.m2/repository/io/netty/netty-transport-native-epoll/4.1.60.Final/netty-transport-native-epoll-4.1.60.Final.jar:/home/choudhary/.m2/repository/io/netty/netty-transport-native-unix-common/4.1.60.Final/netty-transport-native-unix-common-4.1.60.Final.jar:/home/choudhary/.m2/repository/commons-cli/commons-cli/1.4/commons-cli-1.4.jar:/home/choudhary/.m2/repository/org/apache/kafka/kafka_2.13/2.6.1/kafka_2.13-2.6.1-test.jar:/home/choudhary/.m2/repository/org/junit/jupiter/junit-jupiter-api/5.7.1/junit-jupiter-api-5.7.1.jar:/home/choudhary/.m2/repository/org/apiguardian/apiguardian-api/1.1.0/apiguardian-api-1.1.0.jar:/home/choudhary/.m2/repository/org/opentest4j/opentest4j/1.2.0/opentest4j-1.2.0.jar:/home/choudhary/.m2/repository/org/junit/platform/junit-platform-commons/1.7.1/junit-platform-commons-1.7.1.jar:"/>
    <property name="java.vm.vendor" value="Oracle Corporation"/>
    <property name="sun.arch.data.model" value="64"/>
    <property name="java.vendor.url" value="https://java.oracle.com/"/>
    <property name="os.name" value="Linux"/>
    <property name="java.vm.specification.version" value="15"/>
    <property name="sun.java.launcher" value="SUN_STANDARD"/>
    <property name="user.country" value="IN"/>
    <property name="sun.boot.library.path" value="/usr/java/openjdk/jdk-15.0.2/lib"/>
    <property name="sun.java.command" value="/home/choudhary/work/github/libraray-events-project/library-events-consumer/target/surefire/surefirebooter15848597284054438956.jar /home/choudhary/work/github/libraray-events-project/library-events-consumer/target/surefire 2021-03-30T15-04-08_325-jvmRun1 surefire7106847630994008593tmp surefire_01552517385263488348tmp"/>
    <property name="jdk.debug" value="release"/>
    <property name="surefire.test.class.path" value="/home/choudhary/work/github/libraray-events-project/library-events-consumer/target/test-classes:/home/choudhary/work/github/libraray-events-project/library-events-consumer/target/classes:/home/choudhary/.m2/repository/org/springframework/boot/spring-boot-starter-data-jpa/2.4.4/spring-boot-starter-data-jpa-2.4.4.jar:/home/choudhary/.m2/repository/org/springframework/boot/spring-boot-starter-aop/2.4.4/spring-boot-starter-aop-2.4.4.jar:/home/choudhary/.m2/repository/org/springframework/spring-aop/5.3.5/spring-aop-5.3.5.jar:/home/choudhary/.m2/repository/org/aspectj/aspectjweaver/1.9.6/aspectjweaver-1.9.6.jar:/home/choudhary/.m2/repository/org/springframework/boot/spring-boot-starter-jdbc/2.4.4/spring-boot-starter-jdbc-2.4.4.jar:/home/choudhary/.m2/repository/com/zaxxer/HikariCP/3.4.5/HikariCP-3.4.5.jar:/home/choudhary/.m2/repository/org/springframework/spring-jdbc/5.3.5/spring-jdbc-5.3.5.jar:/home/choudhary/.m2/repository/jakarta/transaction/jakarta.transaction-api/1.3.3/jakarta.transaction-api-1.3.3.jar:/home/choudhary/.m2/repository/jakarta/persistence/jakarta.persistence-api/2.2.3/jakarta.persistence-api-2.2.3.jar:/home/choudhary/.m2/repository/org/hibernate/hibernate-core/5.4.29.Final/hibernate-core-5.4.29.Final.jar:/home/choudhary/.m2/repository/org/jboss/logging/jboss-logging/3.4.1.Final/jboss-logging-3.4.1.Final.jar:/home/choudhary/.m2/repository/org/javassist/javassist/3.27.0-GA/javassist-3.27.0-GA.jar:/home/choudhary/.m2/repository/net/bytebuddy/byte-buddy/1.10.22/byte-buddy-1.10.22.jar:/home/choudhary/.m2/repository/antlr/antlr/2.7.7/antlr-2.7.7.jar:/home/choudhary/.m2/repository/org/jboss/jandex/2.2.3.Final/jandex-2.2.3.Final.jar:/home/choudhary/.m2/repository/com/fasterxml/classmate/1.5.1/classmate-1.5.1.jar:/home/choudhary/.m2/repository/org/dom4j/dom4j/2.1.3/dom4j-2.1.3.jar:/home/choudhary/.m2/repository/org/hibernate/common/hibernate-commons-annotations/5.1.2.Final/hibernate-commons-annotations-5.1.2.Final.jar:/home/choudhary/.m2/repository/org/glassfish/jaxb/jaxb-runtime/2.3.3/jaxb-runtime-2.3.3.jar:/home/choudhary/.m2/repository/org/glassfish/jaxb/txw2/2.3.3/txw2-2.3.3.jar:/home/choudhary/.m2/repository/com/sun/istack/istack-commons-runtime/3.0.11/istack-commons-runtime-3.0.11.jar:/home/choudhary/.m2/repository/com/sun/activation/jakarta.activation/1.2.2/jakarta.activation-1.2.2.jar:/home/choudhary/.m2/repository/org/springframework/data/spring-data-jpa/2.4.6/spring-data-jpa-2.4.6.jar:/home/choudhary/.m2/repository/org/springframework/data/spring-data-commons/2.4.6/spring-data-commons-2.4.6.jar:/home/choudhary/.m2/repository/org/springframework/spring-orm/5.3.5/spring-orm-5.3.5.jar:/home/choudhary/.m2/repository/org/springframework/spring-beans/5.3.5/spring-beans-5.3.5.jar:/home/choudhary/.m2/repository/org/slf4j/slf4j-api/1.7.30/slf4j-api-1.7.30.jar:/home/choudhary/.m2/repository/org/springframework/spring-aspects/5.3.5/spring-aspects-5.3.5.jar:/home/choudhary/.m2/repository/org/springframework/boot/spring-boot-starter-json/2.4.4/spring-boot-starter-json-2.4.4.jar:/home/choudhary/.m2/repository/org/springframework/boot/spring-boot-starter/2.4.4/spring-boot-starter-2.4.4.jar:/home/choudhary/.m2/repository/org/springframework/boot/spring-boot/2.4.4/spring-boot-2.4.4.jar:/home/choudhary/.m2/repository/org/springframework/boot/spring-boot-autoconfigure/2.4.4/spring-boot-autoconfigure-2.4.4.jar:/home/choudhary/.m2/repository/org/springframework/boot/spring-boot-starter-logging/2.4.4/spring-boot-starter-logging-2.4.4.jar:/home/choudhary/.m2/repository/ch/qos/logback/logback-classic/1.2.3/logback-classic-1.2.3.jar:/home/choudhary/.m2/repository/ch/qos/logback/logback-core/1.2.3/logback-core-1.2.3.jar:/home/choudhary/.m2/repository/org/apache/logging/log4j/log4j-to-slf4j/2.13.3/log4j-to-slf4j-2.13.3.jar:/home/choudhary/.m2/repository/org/apache/logging/log4j/log4j-api/2.13.3/log4j-api-2.13.3.jar:/home/choudhary/.m2/repository/org/slf4j/jul-to-slf4j/1.7.30/jul-to-slf4j-1.7.30.jar:/home/choudhary/.m2/repository/jakarta/annotation/jakarta.annotation-api/1.3.5/jakarta.annotation-api-1.3.5.jar:/home/choudhary/.m2/repository/org/yaml/snakeyaml/1.27/snakeyaml-1.27.jar:/home/choudhary/.m2/repository/org/springframework/spring-web/5.3.5/spring-web-5.3.5.jar:/home/choudhary/.m2/repository/com/fasterxml/jackson/core/jackson-databind/2.11.4/jackson-databind-2.11.4.jar:/home/choudhary/.m2/repository/com/fasterxml/jackson/core/jackson-annotations/2.11.4/jackson-annotations-2.11.4.jar:/home/choudhary/.m2/repository/com/fasterxml/jackson/core/jackson-core/2.11.4/jackson-core-2.11.4.jar:/home/choudhary/.m2/repository/com/fasterxml/jackson/datatype/jackson-datatype-jdk8/2.11.4/jackson-datatype-jdk8-2.11.4.jar:/home/choudhary/.m2/repository/com/fasterxml/jackson/datatype/jackson-datatype-jsr310/2.11.4/jackson-datatype-jsr310-2.11.4.jar:/home/choudhary/.m2/repository/com/fasterxml/jackson/module/jackson-module-parameter-names/2.11.4/jackson-module-parameter-names-2.11.4.jar:/home/choudhary/.m2/repository/org/springframework/kafka/spring-kafka/2.6.7/spring-kafka-2.6.7.jar:/home/choudhary/.m2/repository/org/springframework/spring-context/5.3.5/spring-context-5.3.5.jar:/home/choudhary/.m2/repository/org/springframework/spring-expression/5.3.5/spring-expression-5.3.5.jar:/home/choudhary/.m2/repository/org/springframework/spring-messaging/5.3.5/spring-messaging-5.3.5.jar:/home/choudhary/.m2/repository/org/springframework/spring-tx/5.3.5/spring-tx-5.3.5.jar:/home/choudhary/.m2/repository/org/springframework/retry/spring-retry/1.3.1/spring-retry-1.3.1.jar:/home/choudhary/.m2/repository/javax/annotation/javax.annotation-api/1.3.2/javax.annotation-api-1.3.2.jar:/home/choudhary/.m2/repository/org/apache/kafka/kafka-clients/2.6.0/kafka-clients-2.6.0.jar:/home/choudhary/.m2/repository/com/github/luben/zstd-jni/1.4.4-7/zstd-jni-1.4.4-7.jar:/home/choudhary/.m2/repository/org/lz4/lz4-java/1.7.1/lz4-java-1.7.1.jar:/home/choudhary/.m2/repository/org/xerial/snappy/snappy-java/1.1.7.3/snappy-java-1.1.7.3.jar:/home/choudhary/.m2/repository/com/h2database/h2/1.4.200/h2-1.4.200.jar:/home/choudhary/.m2/repository/org/projectlombok/lombok/1.18.18/lombok-1.18.18.jar:/home/choudhary/.m2/repository/org/springframework/boot/spring-boot-starter-test/2.4.4/spring-boot-starter-test-2.4.4.jar:/home/choudhary/.m2/repository/org/springframework/boot/spring-boot-test/2.4.4/spring-boot-test-2.4.4.jar:/home/choudhary/.m2/repository/org/springframework/boot/spring-boot-test-autoconfigure/2.4.4/spring-boot-test-autoconfigure-2.4.4.jar:/home/choudhary/.m2/repository/com/jayway/jsonpath/json-path/2.4.0/json-path-2.4.0.jar:/home/choudhary/.m2/repository/net/minidev/json-smart/2.3/json-smart-2.3.jar:/home/choudhary/.m2/repository/net/minidev/accessors-smart/1.2/accessors-smart-1.2.jar:/home/choudhary/.m2/repository/org/ow2/asm/asm/5.0.4/asm-5.0.4.jar:/home/choudhary/.m2/repository/jakarta/xml/bind/jakarta.xml.bind-api/2.3.3/jakarta.xml.bind-api-2.3.3.jar:/home/choudhary/.m2/repository/jakarta/activation/jakarta.activation-api/1.2.2/jakarta.activation-api-1.2.2.jar:/home/choudhary/.m2/repository/org/assertj/assertj-core/3.18.1/assertj-core-3.18.1.jar:/home/choudhary/.m2/repository/org/hamcrest/hamcrest/2.2/hamcrest-2.2.jar:/home/choudhary/.m2/repository/org/junit/jupiter/junit-jupiter/5.7.1/junit-jupiter-5.7.1.jar:/home/choudhary/.m2/repository/org/junit/jupiter/junit-jupiter-params/5.7.1/junit-jupiter-params-5.7.1.jar:/home/choudhary/.m2/repository/org/junit/jupiter/junit-jupiter-engine/5.7.1/junit-jupiter-engine-5.7.1.jar:/home/choudhary/.m2/repository/org/junit/platform/junit-platform-engine/1.7.1/junit-platform-engine-1.7.1.jar:/home/choudhary/.m2/repository/org/mockito/mockito-core/3.6.28/mockito-core-3.6.28.jar:/home/choudhary/.m2/repository/net/bytebuddy/byte-buddy-agent/1.10.22/byte-buddy-agent-1.10.22.jar:/home/choudhary/.m2/repository/org/objenesis/objenesis/3.1/objenesis-3.1.jar:/home/choudhary/.m2/repository/org/mockito/mockito-junit-jupiter/3.6.28/mockito-junit-jupiter-3.6.28.jar:/home/choudhary/.m2/repository/org/skyscreamer/jsonassert/1.5.0/jsonassert-1.5.0.jar:/home/choudhary/.m2/repository/com/vaadin/external/google/android-json/0.0.20131108.vaadin1/android-json-0.0.20131108.vaadin1.jar:/home/choudhary/.m2/repository/org/springframework/spring-core/5.3.5/spring-core-5.3.5.jar:/home/choudhary/.m2/repository/org/springframework/spring-jcl/5.3.5/spring-jcl-5.3.5.jar:/home/choudhary/.m2/repository/org/springframework/spring-test/5.3.5/spring-test-5.3.5.jar:/home/choudhary/.m2/repository/org/xmlunit/xmlunit-core/2.7.0/xmlunit-core-2.7.0.jar:/home/choudhary/.m2/repository/org/springframework/kafka/spring-kafka-test/2.6.7/spring-kafka-test-2.6.7.jar:/home/choudhary/.m2/repository/org/apache/kafka/kafka-clients/2.6.1/kafka-clients-2.6.1-test.jar:/home/choudhary/.m2/repository/org/apache/kafka/kafka-streams/2.6.0/kafka-streams-2.6.0.jar:/home/choudhary/.m2/repository/org/apache/kafka/connect-json/2.6.0/connect-json-2.6.0.jar:/home/choudhary/.m2/repository/org/apache/kafka/connect-api/2.6.0/connect-api-2.6.0.jar:/home/choudhary/.m2/repository/org/rocksdb/rocksdbjni/5.18.4/rocksdbjni-5.18.4.jar:/home/choudhary/.m2/repository/org/apache/kafka/kafka-streams-test-utils/2.6.0/kafka-streams-test-utils-2.6.0.jar:/home/choudhary/.m2/repository/org/apache/kafka/kafka_2.13/2.6.0/kafka_2.13-2.6.0.jar:/home/choudhary/.m2/repository/com/fasterxml/jackson/module/jackson-module-scala_2.13/2.11.4/jackson-module-scala_2.13-2.11.4.jar:/home/choudhary/.m2/repository/com/fasterxml/jackson/module/jackson-module-paranamer/2.11.4/jackson-module-paranamer-2.11.4.jar:/home/choudhary/.m2/repository/com/thoughtworks/paranamer/paranamer/2.8/paranamer-2.8.jar:/home/choudhary/.m2/repository/com/fasterxml/jackson/dataformat/jackson-dataformat-csv/2.11.4/jackson-dataformat-csv-2.11.4.jar:/home/choudhary/.m2/repository/net/sf/jopt-simple/jopt-simple/5.0.4/jopt-simple-5.0.4.jar:/home/choudhary/.m2/repository/com/yammer/metrics/metrics-core/2.2.0/metrics-core-2.2.0.jar:/home/choudhary/.m2/repository/org/scala-lang/modules/scala-collection-compat_2.13/2.1.6/scala-collection-compat_2.13-2.1.6.jar:/home/choudhary/.m2/repository/org/scala-lang/modules/scala-java8-compat_2.13/0.9.1/scala-java8-compat_2.13-0.9.1.jar:/home/choudhary/.m2/repository/org/scala-lang/scala-library/2.13.2/scala-library-2.13.2.jar:/home/choudhary/.m2/repository/org/scala-lang/scala-reflect/2.13.2/scala-reflect-2.13.2.jar:/home/choudhary/.m2/repository/com/typesafe/scala-logging/scala-logging_2.13/3.9.2/scala-logging_2.13-3.9.2.jar:/home/choudhary/.m2/repository/org/apache/zookeeper/zookeeper/3.5.8/zookeeper-3.5.8.jar:/home/choudhary/.m2/repository/org/apache/zookeeper/zookeeper-jute/3.5.8/zookeeper-jute-3.5.8.jar:/home/choudhary/.m2/repository/org/apache/yetus/audience-annotations/0.5.0/audience-annotations-0.5.0.jar:/home/choudhary/.m2/repository/io/netty/netty-handler/4.1.60.Final/netty-handler-4.1.60.Final.jar:/home/choudhary/.m2/repository/io/netty/netty-common/4.1.60.Final/netty-common-4.1.60.Final.jar:/home/choudhary/.m2/repository/io/netty/netty-resolver/4.1.60.Final/netty-resolver-4.1.60.Final.jar:/home/choudhary/.m2/repository/io/netty/netty-buffer/4.1.60.Final/netty-buffer-4.1.60.Final.jar:/home/choudhary/.m2/repository/io/netty/netty-transport/4.1.60.Final/netty-transport-4.1.60.Final.jar:/home/choudhary/.m2/repository/io/netty/netty-codec/4.1.60.Final/netty-codec-4.1.60.Final.jar:/home/choudhary/.m2/repository/io/netty/netty-transport-native-epoll/4.1.60.Final/netty-transport-native-epoll-4.1.60.Final.jar:/home/choudhary/.m2/repository/io/netty/netty-transport-native-unix-common/4.1.60.Final/netty-transport-native-unix-common-4.1.60.Final.jar:/home/choudhary/.m2/repository/commons-cli/commons-cli/1.4/commons-cli-1.4.jar:/home/choudhary/.m2/repository/org/apache/kafka/kafka_2.13/2.6.1/kafka_2.13-2.6.1-test.jar:/home/choudhary/.m2/repository/org/junit/jupiter/junit-jupiter-api/5.7.1/junit-jupiter-api-5.7.1.jar:/home/choudhary/.m2/repository/org/apiguardian/apiguardian-api/1.1.0/apiguardian-api-1.1.0.jar:/home/choudhary/.m2/repository/org/opentest4j/opentest4j/1.2.0/opentest4j-1.2.0.jar:/home/choudhary/.m2/repository/org/junit/platform/junit-platform-commons/1.7.1/junit-platform-commons-1.7.1.jar:"/>
    <property name="sun.cpu.endian" value="little"/>
    <property name="user.home" value="/home/choudhary"/>
    <property name="user.language" value="en"/>
    <property name="java.specification.vendor" value="Oracle Corporation"/>
    <property name="java.version.date" value="2021-01-19"/>
    <property name="java.home" value="/usr/java/openjdk/jdk-15.0.2"/>
    <property name="file.separator" value="/"/>
    <property name="basedir" value="/home/choudhary/work/github/libraray-events-project/library-events-consumer"/>
    <property name="java.vm.compressedOopsMode" value="Zero based"/>
    <property name="line.separator" value="&#10;"/>
    <property name="java.vm.specification.vendor" value="Oracle Corporation"/>
    <property name="java.specification.name" value="Java Platform API Specification"/>
    <property name="surefire.real.class.path" value="/home/choudhary/work/github/libraray-events-project/library-events-consumer/target/surefire/surefirebooter15848597284054438956.jar"/>
    <property name="sun.management.compiler" value="HotSpot 64-Bit Tiered Compilers"/>
    <property name="java.runtime.version" value="15.0.2+7-27"/>
    <property name="user.name" value="choudhary"/>
    <property name="path.separator" value=":"/>
    <property name="os.version" value="5.8.0-48-generic"/>
    <property name="java.runtime.name" value="OpenJDK Runtime Environment"/>
    <property name="file.encoding" value="UTF-8"/>
    <property name="java.vm.name" value="OpenJDK 64-Bit Server VM"/>
    <property name="localRepository" value="/home/choudhary/.m2/repository"/>
    <property name="java.vendor.url.bug" value="https://bugreport.java.com/bugreport/"/>
    <property name="java.io.tmpdir" value="/tmp"/>
    <property name="java.version" value="15.0.2"/>
    <property name="user.dir" value="/home/choudhary/work/github/libraray-events-project/library-events-consumer"/>
    <property name="os.arch" value="amd64"/>
    <property name="java.vm.specification.name" value="Java Virtual Machine Specification"/>
    <property name="java.library.path" value="/usr/java/packages/lib:/usr/lib64:/lib64:/lib:/usr/lib"/>
    <property name="java.vm.info" value="mixed mode, sharing"/>
    <property name="java.vendor" value="Oracle Corporation"/>
    <property name="java.vm.version" value="15.0.2+7-27"/>
    <property name="sun.io.unicode.encoding" value="UnicodeLittle"/>
    <property name="java.class.version" value="59.0"/>
  </properties>
  <testcase name="contextLoads" classname="com.kafka.consumer.LibraryEventsConsumerApplicationTests" time="0.364"/>
</testsuite>